<?xml version="1.0" encoding="UTF-8"?>
<testsuite name="com.example.cardtransferbackend.CardTransferBackEndApplicationTests" tests="1" skipped="0" failures="0" errors="0" timestamp="2023-02-01T12:35:13" hostname="DESKTOP-R69MFKF" time="11.058">
  <properties/>
  <testcase name="contextLoads()" classname="com.example.cardtransferbackend.CardTransferBackEndApplicationTests" time="11.058"/>
  <system-out><![CDATA[15:35:09.651 [Test worker] DEBUG org.springframework.boot.test.context.SpringBootTestContextBootstrapper - Neither @ContextConfiguration nor @ContextHierarchy found for test class [CardTransferBackEndApplicationTests]: using SpringBootContextLoader
15:35:09.660 [Test worker] DEBUG org.springframework.test.context.support.AbstractContextLoader - Could not detect default resource locations for test class [com.example.cardtransferbackend.CardTransferBackEndApplicationTests]: no resource found for suffixes {-context.xml, Context.groovy}.
15:35:09.661 [Test worker] INFO org.springframework.test.context.support.AnnotationConfigContextLoaderUtils - Could not detect default configuration classes for test class [com.example.cardtransferbackend.CardTransferBackEndApplicationTests]: CardTransferBackEndApplicationTests does not declare any static, non-private, non-final, nested classes annotated with @Configuration.
15:35:09.698 [Test worker] DEBUG org.springframework.boot.test.context.SpringBootTestContextBootstrapper - Using ContextCustomizers for test class [CardTransferBackEndApplicationTests]: [DisableObservabilityContextCustomizer, PropertyMappingContextCustomizer, Customizer, ExcludeFilterContextCustomizer, DuplicateJsonObjectContextCustomizer, MockitoContextCustomizer, TestRestTemplateContextCustomizer]
15:35:09.791 [Test worker] DEBUG org.springframework.context.annotation.ClassPathScanningCandidateComponentProvider - Identified candidate component class: file [C:\Users\sezer\Netology.Spring\SpringDiploma\CardTransferBackEnd\build\classes\java\main\com\example\cardtransferbackend\CardTransferBackEndApplication.class]
15:35:09.793 [Test worker] INFO org.springframework.boot.test.context.SpringBootTestContextBootstrapper - Found @SpringBootConfiguration com.example.cardtransferbackend.CardTransferBackEndApplication for test class com.example.cardtransferbackend.CardTransferBackEndApplicationTests
15:35:09.937 [Test worker] DEBUG org.springframework.test.context.util.TestContextSpringFactoriesUtils - Skipping candidate TestExecutionListener [org.springframework.test.context.transaction.TransactionalTestExecutionListener] due to a missing dependency. Specify custom TestExecutionListener classes or make the default TestExecutionListener classes and their required dependencies available. Offending class: [org/springframework/transaction/interceptor/TransactionAttributeSource]
15:35:09.939 [Test worker] DEBUG org.springframework.test.context.util.TestContextSpringFactoriesUtils - Skipping candidate TestExecutionListener [org.springframework.test.context.jdbc.SqlScriptsTestExecutionListener] due to a missing dependency. Specify custom TestExecutionListener classes or make the default TestExecutionListener classes and their required dependencies available. Offending class: [org/springframework/transaction/interceptor/TransactionAttribute]
15:35:09.942 [Test worker] DEBUG org.springframework.boot.test.context.SpringBootTestContextBootstrapper - Using TestExecutionListeners for test class [CardTransferBackEndApplicationTests]: [ServletTestExecutionListener, DirtiesContextBeforeModesTestExecutionListener, ApplicationEventsTestExecutionListener, MockitoTestExecutionListener, DependencyInjectionTestExecutionListener, DirtiesContextTestExecutionListener, EventPublishingTestExecutionListener, RestDocsTestExecutionListener, MockRestServiceServerResetTestExecutionListener, MockMvcPrintOnlyOnFailureTestExecutionListener, WebDriverTestExecutionListener, MockWebServiceServerTestExecutionListener, ResetMocksTestExecutionListener]
15:35:09.944 [Test worker] DEBUG org.springframework.test.context.support.AbstractDirtiesContextTestExecutionListener - Before test class: class [CardTransferBackEndApplicationTests], class annotated with @DirtiesContext [false] with mode [null]
15:35:10.002 [Test worker] DEBUG org.testcontainers.utility.TestcontainersConfiguration - Testcontainers configuration overrides will be loaded from file:/C:/Users/sezer/.testcontainers.properties
15:35:10.009 [Test worker] INFO org.testcontainers.utility.ImageNameSubstitutor - Image name substitution will be performed by: DefaultImageNameSubstitutor (composite of 'ConfigurationFileImageNameSubstitutor' and 'PrefixingImageNameSubstitutor')
15:35:10.026 [Test worker] DEBUG org.springframework.test.context.support.DependencyInjectionTestExecutionListener - Performing dependency injection for test class com.example.cardtransferbackend.CardTransferBackEndApplicationTests

  .   ____          _            __ _ _
 /\\ / ___'_ __ _ _(_)_ __  __ _ \ \ \ \
( ( )\___ | '_ | '_| | '_ \/ _` | \ \ \ \
 \\/  ___)| |_)| | | | | || (_| |  ) ) ) )
  '  |____| .__|_| |_|_| |_\__, | / / / /
 =========|_|==============|___/=/_/_/_/
 :: Spring Boot ::                (v3.0.1)

-2023-02-01 - 15:35:10 -WARN 1392 --- [Test worker] .e.c.CardTransferBackEndApplicationTests : Starting CardTransferBackEndApplicationTests using Java 17 with PID 1392 (started by sezer in C:\Users\sezer\Netology.Spring\SpringDiploma\CardTransferBackEnd)
--2023-02-01 - 15:35:10 -WARN 1392 --- [Test worker] .e.c.CardTransferBackEndApplicationTests : No active profile set, falling back to 1 default profile: "default"
--2023-02-01 - 15:35:12 -WARN 1392 --- [Test worker] o.s.b.w.embedded.tomcat.TomcatWebServer  : Tomcat initialized with port(s): 0 (http)
--2023-02-01 - 15:35:12 -WARN 1392 --- [Test worker] o.apache.catalina.core.StandardService   : Starting service [Tomcat]
--2023-02-01 - 15:35:12 -WARN 1392 --- [Test worker] o.apache.catalina.core.StandardEngine    : Starting Servlet engine: [Apache Tomcat/10.1.4]
--2023-02-01 - 15:35:12 -WARN 1392 --- [Test worker] o.a.c.c.C.[Tomcat].[localhost].[/]       : Initializing Spring embedded WebApplicationContext
--2023-02-01 - 15:35:12 -WARN 1392 --- [Test worker] w.s.c.ServletWebServerApplicationContext : Root WebApplicationContext: initialization completed in 1938 ms
--2023-02-01 - 15:35:13 -WARN 1392 --- [Test worker] o.s.b.a.e.web.EndpointLinksResolver      : Exposing 1 endpoint(s) beneath base path '/actuator'
--2023-02-01 - 15:35:13 -WARN 1392 --- [Test worker] o.s.b.w.embedded.tomcat.TomcatWebServer  : Tomcat started on port(s): 53951 (http) with context path ''
--2023-02-01 - 15:35:13 -WARN 1392 --- [Test worker] .e.c.CardTransferBackEndApplicationTests : Started CardTransferBackEndApplicationTests in 3.492 seconds (process running for 5.213)
--2023-02-01 - 15:35:13 -WARN 1392 --- [Test worker] o.t.d.DockerClientProviderStrategy       : Loaded org.testcontainers.dockerclient.NpipeSocketClientProviderStrategy from ~/.testcontainers.properties, will try it first
--2023-02-01 - 15:35:14 -WARN 1392 --- [Test worker] o.t.d.DockerClientProviderStrategy       : Found Docker environment with local Npipe socket (npipe:////./pipe/docker_engine)
--2023-02-01 - 15:35:14 -WARN 1392 --- [Test worker] org.testcontainers.DockerClientFactory   : Docker host IP address is localhost
--2023-02-01 - 15:35:14 -WARN 1392 --- [Test worker] org.testcontainers.DockerClientFactory   : Connected to docker: 
  Server Version: 20.10.21
  API Version: 1.41
  Operating System: Docker Desktop
  Total Memory: 5901 MB
--2023-02-01 - 15:35:14 -WARN 1392 --- [Test worker] docker[testcontainers/ryuk:0.3.4]        : Creating container for image: testcontainers/ryuk:0.3.4
--2023-02-01 - 15:35:15 -WARN 1392 --- [Test worker] o.t.utility.RegistryAuthLocator          : Credential helper/store (docker-credential-desktop) does not have credentials for https://index.docker.io/v1/
--2023-02-01 - 15:35:15 -WARN 1392 --- [Test worker] docker[testcontainers/ryuk:0.3.4]        : Container testcontainers/ryuk:0.3.4 is starting: c155ebbddade3fbae33f321ca4ca77955680eb086611512b15a24883a11b2a9f
--2023-02-01 - 15:35:16 -WARN 1392 --- [Test worker] docker[testcontainers/ryuk:0.3.4]        : Container testcontainers/ryuk:0.3.4 started in PT1.5799025S
--2023-02-01 - 15:35:16 -WARN 1392 --- [Test worker] o.t.utility.RyukResourceReaper           : Ryuk started - will monitor and terminate Testcontainers containers on JVM exit
--2023-02-01 - 15:35:16 -WARN 1392 --- [Test worker] org.testcontainers.DockerClientFactory   : Checking the system...
--2023-02-01 - 15:35:16 -WARN 1392 --- [Test worker] org.testcontainers.DockerClientFactory   : ?? Docker server version should be at least 1.6.0
--2023-02-01 - 15:35:16 -WARN 1392 --- [Test worker] docker[jdk17b:latest]                    : Creating container for image: jdk17b:latest
--2023-02-01 - 15:35:16 -WARN 1392 --- [Test worker] docker[jdk17b:latest]                    : Container jdk17b:latest is starting: c061602cdaf904c2620739346b92201751f1d78e57c82eb9f6b86101a5dffd66
--2023-02-01 - 15:35:22 -WARN 1392 --- [Test worker] docker[jdk17b:latest]                    : Container jdk17b:latest started in PT6.4339188S
-Respond200[operationId=null]
]]></system-out>
  <system-err><![CDATA[]]></system-err>
</testsuite>
